<?xml version="1.0" encoding="UTF-8"?>
<!-- Generated by org.testng.reporters.JUnitXMLReporter -->
<testsuite ignored="0" hostname="home" failures="0" tests="5" name="test1" time="12.533" errors="0" timestamp="2021-09-19T17:42:12 IST">
  <testcase classname="MnpStepDefinition.LoginStepDefinition" name="user_opens_browser" time="4.686"/>
  <testcase classname="MnpStepDefinition.LoginStepDefinition" name="user_is_on_login_page" time="0.093"/>
  <testcase classname="MnpStepDefinition.LoginStepDefinition" name="user_enters_username_and_password" time="0.469"/>
  <testcase classname="MnpStepDefinition.LoginStepDefinition" name="validate_home_page_title" time="3.909"/>
  <testcase classname="MnpStepDefinition.LoginStepDefinition" name="validate_logged_in_username" time="3.264"/>
</testsuite> <!-- test1 -->
