<?xml version="1.0" encoding="UTF-8"?>
<!-- Generated by org.testng.reporters.JUnitXMLReporter -->
<testsuite ignored="0" hostname="home" failures="0" tests="5" name="Validate Login" time="14.741" errors="0" timestamp="2021-09-19T20:10:06 IST">
  <testcase classname="MnpStepDefinition.LoginStepDefinition" name="user_opens_browser" time="4.828"/>
  <testcase classname="MnpStepDefinition.LoginStepDefinition" name="user_is_on_login_page" time="0.091"/>
  <testcase classname="MnpStepDefinition.LoginStepDefinition" name="user_enters_username_and_password" time="0.428"/>
  <testcase classname="MnpStepDefinition.LoginStepDefinition" name="validate_home_page_title" time="5.434"/>
  <testcase classname="MnpStepDefinition.LoginStepDefinition" name="validate_logged_in_username" time="3.871"/>
</testsuite> <!-- Validate Login -->
