<?xml version="1.0" encoding="UTF-8"?>
<testng-results ignored="0" total="5" passed="5" failed="0" skipped="0">
  <reporter-output>
  </reporter-output>
  <suite started-at="2021-09-19T20:09:51 IST" name="TestSuite" finished-at="2021-09-19T20:10:06 IST" duration-ms="14741">
    <groups>
    </groups>
    <test started-at="2021-09-19T20:09:51 IST" name="Validate Login" finished-at="2021-09-19T20:10:06 IST" duration-ms="14741">
      <class name="MnpStepDefinition.LoginStepDefinition">
        <test-method signature="user_opens_browser()[pri:1, instance:MnpStepDefinition.LoginStepDefinition@72a7c7e0]" started-at="2021-09-19T20:09:51 IST" name="user_opens_browser" finished-at="2021-09-19T20:09:56 IST" duration-ms="4828" status="PASS">
          <reporter-output>
          </reporter-output>
        </test-method> <!-- user_opens_browser -->
        <test-method signature="user_is_on_login_page()[pri:2, instance:MnpStepDefinition.LoginStepDefinition@72a7c7e0]" started-at="2021-09-19T20:09:56 IST" name="user_is_on_login_page" finished-at="2021-09-19T20:09:56 IST" duration-ms="91" status="PASS">
          <reporter-output>
          </reporter-output>
        </test-method> <!-- user_is_on_login_page -->
        <test-method signature="user_enters_username_and_password()[pri:3, instance:MnpStepDefinition.LoginStepDefinition@72a7c7e0]" started-at="2021-09-19T20:09:56 IST" name="user_enters_username_and_password" finished-at="2021-09-19T20:09:57 IST" duration-ms="428" status="PASS">
          <reporter-output>
          </reporter-output>
        </test-method> <!-- user_enters_username_and_password -->
        <test-method signature="validate_home_page_title()[pri:4, instance:MnpStepDefinition.LoginStepDefinition@72a7c7e0]" started-at="2021-09-19T20:09:57 IST" name="validate_home_page_title" finished-at="2021-09-19T20:10:02 IST" duration-ms="5434" status="PASS">
          <reporter-output>
          </reporter-output>
        </test-method> <!-- validate_home_page_title -->
        <test-method signature="validate_logged_in_username()[pri:5, instance:MnpStepDefinition.LoginStepDefinition@72a7c7e0]" started-at="2021-09-19T20:10:02 IST" name="validate_logged_in_username" finished-at="2021-09-19T20:10:06 IST" duration-ms="3871" status="PASS">
          <reporter-output>
          </reporter-output>
        </test-method> <!-- validate_logged_in_username -->
      </class> <!-- MnpStepDefinition.LoginStepDefinition -->
    </test> <!-- Validate Login -->
  </suite> <!-- TestSuite -->
</testng-results>
